0 info it worked if it ends with ok
1 verbose cli [ 'c:\\Program Files\\nodejs\\node.exe',
1 verbose cli   'c:\\Program Files\\nodejs\\node_modules\\npm\\bin\\npm-cli.js',
1 verbose cli   'install',
1 verbose cli   'grunt-contrib-bowercopy',
1 verbose cli   '--save-dev' ]
2 info using npm@1.4.28
3 info using node@v0.10.35
4 verbose cache add [ 'grunt-contrib-bowercopy', null ]
5 verbose cache add name=undefined spec="grunt-contrib-bowercopy" args=["grunt-contrib-bowercopy",null]
6 verbose parsed url { protocol: null,
6 verbose parsed url   slashes: null,
6 verbose parsed url   auth: null,
6 verbose parsed url   host: null,
6 verbose parsed url   port: null,
6 verbose parsed url   hostname: null,
6 verbose parsed url   hash: null,
6 verbose parsed url   search: null,
6 verbose parsed url   query: null,
6 verbose parsed url   pathname: 'grunt-contrib-bowercopy',
6 verbose parsed url   path: 'grunt-contrib-bowercopy',
6 verbose parsed url   href: 'grunt-contrib-bowercopy' }
7 silly lockFile 53fcc550-grunt-contrib-bowercopy grunt-contrib-bowercopy
8 verbose lock grunt-contrib-bowercopy C:\Users\User\AppData\Roaming\npm-cache\53fcc550-grunt-contrib-bowercopy.lock
9 silly lockFile 53fcc550-grunt-contrib-bowercopy grunt-contrib-bowercopy
10 silly lockFile 53fcc550-grunt-contrib-bowercopy grunt-contrib-bowercopy
11 verbose addNamed [ 'grunt-contrib-bowercopy', '' ]
12 verbose addNamed [ null, '*' ]
13 silly lockFile f9603522-grunt-contrib-bowercopy grunt-contrib-bowercopy@
14 verbose lock grunt-contrib-bowercopy@ C:\Users\User\AppData\Roaming\npm-cache\f9603522-grunt-contrib-bowercopy.lock
15 silly addNameRange { name: 'grunt-contrib-bowercopy', range: '*', hasData: false }
16 verbose request where is /grunt-contrib-bowercopy
17 verbose request registry https://registry.npmjs.org/
18 verbose request id 1d3e5b4e40d5760e
19 verbose url raw /grunt-contrib-bowercopy
20 verbose url resolving [ 'https://registry.npmjs.org/', './grunt-contrib-bowercopy' ]
21 verbose url resolved https://registry.npmjs.org/grunt-contrib-bowercopy
22 verbose request where is https://registry.npmjs.org/grunt-contrib-bowercopy
23 info trying registry request attempt 1 at 22:37:28
24 http GET https://registry.npmjs.org/grunt-contrib-bowercopy
25 http 404 https://registry.npmjs.org/grunt-contrib-bowercopy
26 verbose headers { server: 'CouchDB/1.5.0 (Erlang OTP/R16B03)',
26 verbose headers   'content-type': 'application/json',
26 verbose headers   'cache-control': 'max-age=0',
26 verbose headers   'content-length': '51',
26 verbose headers   'accept-ranges': 'bytes',
26 verbose headers   date: 'Sun, 05 Jul 2015 14:33:48 GMT',
26 verbose headers   via: '1.1 varnish',
26 verbose headers   age: '0',
26 verbose headers   connection: 'keep-alive',
26 verbose headers   'x-served-by': 'cache-dfw1823-DFW',
26 verbose headers   'x-cache': 'MISS',
26 verbose headers   'x-cache-hits': '0',
26 verbose headers   'x-timer': 'S1436106828.546544,VS0,VE49' }
27 silly registry.get cb [ 404,
27 silly registry.get   { server: 'CouchDB/1.5.0 (Erlang OTP/R16B03)',
27 silly registry.get     'content-type': 'application/json',
27 silly registry.get     'cache-control': 'max-age=0',
27 silly registry.get     'content-length': '51',
27 silly registry.get     'accept-ranges': 'bytes',
27 silly registry.get     date: 'Sun, 05 Jul 2015 14:33:48 GMT',
27 silly registry.get     via: '1.1 varnish',
27 silly registry.get     age: '0',
27 silly registry.get     connection: 'keep-alive',
27 silly registry.get     'x-served-by': 'cache-dfw1823-DFW',
27 silly registry.get     'x-cache': 'MISS',
27 silly registry.get     'x-cache-hits': '0',
27 silly registry.get     'x-timer': 'S1436106828.546544,VS0,VE49' } ]
28 silly lockFile f9603522-grunt-contrib-bowercopy grunt-contrib-bowercopy@
29 silly lockFile f9603522-grunt-contrib-bowercopy grunt-contrib-bowercopy@
30 error 404 404 Not Found: grunt-contrib-bowercopy
30 error 404
30 error 404 'grunt-contrib-bowercopy' is not in the npm registry.
30 error 404 You should bug the author to publish it
30 error 404
30 error 404 Note that you can also install from a
30 error 404 tarball, folder, or http url, or git url.
31 error System Windows_NT 6.1.7601
32 error command "c:\\Program Files\\nodejs\\node.exe" "c:\\Program Files\\nodejs\\node_modules\\npm\\bin\\npm-cli.js" "install" "grunt-contrib-bowercopy" "--save-dev"
33 error cwd c:\Projects\bootstrap-bin
34 error node -v v0.10.35
35 error npm -v 1.4.28
36 error code E404
37 verbose exit [ 1, true ]
